<?xml version="1.0" encoding="UTF-8"?>
<!-- Generated by org.testng.reporters.JUnitXMLReporter -->
<testsuite ignored="0" hostname="AWATANY-A40-D" failures="0" tests="11" name="End to End Test" time="139.235" errors="0" timestamp="2022-03-12T14:07:31 EET">
  <testcase classname="com.SWAGLABS.Testcases.MenuBar" name="aboutTest" time="14.788"/>
  <testcase classname="com.SWAGLABS.Testcases.MenuBar" name="allItemTest" time="0.382"/>
  <testcase classname="com.SWAGLABS.Testcases.MenuBar" name="logOutTest" time="0.397"/>
  <testcase classname="com.SWAGLABS.Testcases.MenuBar" name="resetAppStateTest" time="0.329"/>
  <testcase classname="com.SWAGLABS.Testcases.LoginPageTest" name="titleTest" time="0.046"/>
  <testcase classname="com.SWAGLABS.Testcases.LoginPageTest" name="urlCheck" time="0.028"/>
  <testcase classname="com.SWAGLABS.Testcases.LoginPageTest" name="logoTest" time="0.232"/>
  <testcase classname="com.SWAGLABS.Testcases.LoginPageTest" name="loginTest" time="1.481"/>
  <testcase classname="com.SWAGLABS.Testcases.LoginPageTest" name="loginTest" time="1.079"/>
  <testcase classname="com.SWAGLABS.Testcases.LoginPageTest" name="loginTest" time="1.073"/>
  <testcase classname="com.SWAGLABS.Testcases.LoginPageTest" name="loginTest" time="1.196"/>
</testsuite> <!-- End to End Test -->
