<?xml version="1.0" encoding="UTF-8"?>
<!-- Generated by org.testng.reporters.JUnitXMLReporter -->
<testsuite ignored="0" hostname="AWATANY-A40-D" failures="0" tests="20" name="End to End Test" time="341.053" errors="0" timestamp="2022-03-12T20:00:43 EET">
  <testcase classname="com.SWAGLABS.Testcases.HomePage" name="allItemFunctionTest" time="3.57"/>
  <testcase classname="com.SWAGLABS.Testcases.HomePage" name="facebookIconTest" time="8.942"/>
  <testcase classname="com.SWAGLABS.Testcases.HomePage" name="filterationTest" time="6.453"/>
  <testcase classname="com.SWAGLABS.Testcases.HomePage" name="linkedInIconTest" time="5.476"/>
  <testcase classname="com.SWAGLABS.Testcases.HomePage" name="twitterIconTest" time="8.064"/>
  <testcase classname="com.SWAGLABS.Testcases.CartShopping" name="cancelTest" time="0.527"/>
  <testcase classname="com.SWAGLABS.Testcases.CartShopping" name="checkOutTest" time="1.929"/>
  <testcase classname="com.SWAGLABS.Testcases.CartShopping" name="continueShoppingTest" time="0.383"/>
  <testcase classname="com.SWAGLABS.Testcases.CartShopping" name="removeTest" time="1.086"/>
  <testcase classname="com.SWAGLABS.Testcases.MenuBar" name="aboutTest" time="16.316"/>
  <testcase classname="com.SWAGLABS.Testcases.MenuBar" name="allItemTest" time="0.414"/>
  <testcase classname="com.SWAGLABS.Testcases.MenuBar" name="logOutTest" time="0.531"/>
  <testcase classname="com.SWAGLABS.Testcases.MenuBar" name="resetAppStateTest" time="0.257"/>
  <testcase classname="com.SWAGLABS.Testcases.LoginPageTest" name="titleTest" time="0.126"/>
  <testcase classname="com.SWAGLABS.Testcases.LoginPageTest" name="urlCheck" time="0.14"/>
  <testcase classname="com.SWAGLABS.Testcases.LoginPageTest" name="logoTest" time="0.232"/>
  <testcase classname="com.SWAGLABS.Testcases.LoginPageTest" name="loginTest" time="1.651"/>
  <testcase classname="com.SWAGLABS.Testcases.LoginPageTest" name="loginTest" time="1.395"/>
  <testcase classname="com.SWAGLABS.Testcases.LoginPageTest" name="loginTest" time="1.473"/>
  <testcase classname="com.SWAGLABS.Testcases.LoginPageTest" name="loginTest" time="1.774"/>
</testsuite> <!-- End to End Test -->
